This file contains any messages produced by compilers while
running configure, to aid debugging if configure makes a mistake.

It was created by configure, which was
generated by GNU Autoconf 2.57.  Invocation command line was

  $ ./configure --prefix=/home/ronald/opt --no-create --no-recursion

## --------- ##
## Platform. ##
## --------- ##

hostname = ally
uname -m = i686
uname -r = 2.4.20-gentoo-r6
uname -s = Linux
uname -v = #2 SMP Thu Aug 28 19:58:05 Local time zone must be set--see zic 

/usr/bin/uname -p = unknown
/bin/uname -X     = unknown

/bin/arch              = i686
/usr/bin/arch -k       = unknown
/usr/convex/getsysinfo = unknown
hostinfo               = unknown
/bin/machine           = unknown
/usr/bin/oslevel       = unknown
/bin/universe          = unknown

PATH: /bin
PATH: /usr/bin
PATH: /usr/local/bin
PATH: /opt/bin
PATH: /usr/i686-pc-linux-gnu/gcc-bin/3.2
PATH: /usr/X11R6/bin
PATH: /usr/qt/3/bin
PATH: /mnt/redhat/home/ronald/bin
PATH: /mnt/redhat/home/ronald/opt/bin
PATH: /mnt/redhat/home/ronald/opt/sbin


## ----------- ##
## Core tests. ##
## ----------- ##

configure:1488: checking for a BSD-compatible install
configure:1542: result: /bin/install -c
configure:1553: checking whether build environment is sane
configure:1596: result: yes
configure:1629: checking for gawk
configure:1645: found /bin/gawk
configure:1655: result: gawk
configure:1665: checking whether make sets $(MAKE)
configure:1685: result: yes
configure:1947: checking for C++ compiler version
configure:1950: g++ --version </dev/null >&5
g++ (GCC) 3.2.3 20030422 (Gentoo Linux 1.4 3.2.3-r1, propolice)
Copyright (C) 2002 Free Software Foundation, Inc.
This is free software; see the source for copying conditions.  There is NO
warranty; not even for MERCHANTABILITY or FITNESS FOR A PARTICULAR PURPOSE.

configure:1953: $? = 0
configure:1955: g++ -v </dev/null >&5
Reading specs from /usr/lib/gcc-lib/i686-pc-linux-gnu/3.2.3/specs
Configured with: /var/tmp/portage/gcc-3.2.3-r1/work/gcc-3.2.3/configure --prefix=/usr --bindir=/usr/i686-pc-linux-gnu/gcc-bin/3.2 --includedir=/usr/lib/gcc-lib/i686-pc-linux-gnu/3.2.3/include --datadir=/usr/share/gcc-data/i686-pc-linux-gnu/3.2 --mandir=/usr/share/gcc-data/i686-pc-linux-gnu/3.2/man --infodir=/usr/share/gcc-data/i686-pc-linux-gnu/3.2/info --enable-shared --host=i686-pc-linux-gnu --target=i686-pc-linux-gnu --with-system-zlib --enable-languages=c,c++,f77,objc,java --enable-threads=posix --enable-long-long --disable-checking --enable-cstdio=stdio --enable-clocale=generic --enable-__cxa_atexit --enable-version-specific-runtime-libs --with-gxx-include-dir=/usr/lib/gcc-lib/i686-pc-linux-gnu/3.2.3/include/g++-v3 --with-local-prefix=/usr/local --enable-shared --enable-nls --without-included-gettext
Thread model: posix
gcc version 3.2.3 20030422 (Gentoo Linux 1.4 3.2.3-r1, propolice)
configure:1958: $? = 0
configure:1960: g++ -V </dev/null >&5
g++: argument to `-V' missing

configure:1963: $? = 1
configure:1987: checking for C++ compiler default output
configure:1990: g++    conftest.cc  >&5
configure:1993: $? = 0
configure:2039: result: a.out
configure:2044: checking whether the C++ compiler works
configure:2050: ./a.out
configure:2053: $? = 0
configure:2070: result: yes
configure:2077: checking whether we are cross compiling
configure:2079: result: no
configure:2082: checking for suffix of executables
configure:2084: g++ -o conftest    conftest.cc  >&5
configure:2087: $? = 0
configure:2112: result: 
configure:2118: checking for suffix of object files
configure:2140: g++ -c   conftest.cc >&5
configure:2143: $? = 0
configure:2165: result: o
configure:2169: checking whether we are using the GNU C++ compiler
configure:2194: g++ -c   conftest.cc >&5
configure:2197: $? = 0
configure:2200: test -s conftest.o
configure:2203: $? = 0
configure:2216: result: yes
configure:2222: checking whether g++ accepts -g
configure:2244: g++ -c -g  conftest.cc >&5
configure:2247: $? = 0
configure:2250: test -s conftest.o
configure:2253: $? = 0
configure:2264: result: yes
configure:2308: g++ -c -g -O2  conftest.cc >&5
configure:2311: $? = 0
configure:2314: test -s conftest.o
configure:2317: $? = 0
configure:2344: g++ -c -g -O2  conftest.cc >&5
configure: In function `int main()':
configure:2341: `exit' undeclared (first use this function)
configure:2341: (Each undeclared identifier is reported only once for each 
   function it appears in.)
configure:2347: $? = 1
configure: failed program was:
| #line 2327 "configure"
| /* confdefs.h.  */
| 
| #define PACKAGE_NAME ""
| #define PACKAGE_TARNAME ""
| #define PACKAGE_VERSION ""
| #define PACKAGE_STRING ""
| #define PACKAGE_BUGREPORT ""
| #define PACKAGE "libhash"
| #define VERSION "1.3"
| /* end confdefs.h.  */
| 
| int
| main ()
| {
| exit (42);
|   ;
|   return 0;
| }
configure:2308: g++ -c -g -O2  conftest.cc >&5
configure:2311: $? = 0
configure:2314: test -s conftest.o
configure:2317: $? = 0
configure:2344: g++ -c -g -O2  conftest.cc >&5
configure:2347: $? = 0
configure:2350: test -s conftest.o
configure:2353: $? = 0
configure:2387: checking for style of include used by make
configure:2415: result: GNU
configure:2443: checking dependency style of g++
configure:2511: result: gcc3
configure:2574: checking for gcc
configure:2600: result: gcc
configure:2844: checking for C compiler version
configure:2847: gcc --version </dev/null >&5
gcc (GCC) 3.2.3 20030422 (Gentoo Linux 1.4 3.2.3-r1, propolice)
Copyright (C) 2002 Free Software Foundation, Inc.
This is free software; see the source for copying conditions.  There is NO
warranty; not even for MERCHANTABILITY or FITNESS FOR A PARTICULAR PURPOSE.

configure:2850: $? = 0
configure:2852: gcc -v </dev/null >&5
Reading specs from /usr/lib/gcc-lib/i686-pc-linux-gnu/3.2.3/specs
Configured with: /var/tmp/portage/gcc-3.2.3-r1/work/gcc-3.2.3/configure --prefix=/usr --bindir=/usr/i686-pc-linux-gnu/gcc-bin/3.2 --includedir=/usr/lib/gcc-lib/i686-pc-linux-gnu/3.2.3/include --datadir=/usr/share/gcc-data/i686-pc-linux-gnu/3.2 --mandir=/usr/share/gcc-data/i686-pc-linux-gnu/3.2/man --infodir=/usr/share/gcc-data/i686-pc-linux-gnu/3.2/info --enable-shared --host=i686-pc-linux-gnu --target=i686-pc-linux-gnu --with-system-zlib --enable-languages=c,c++,f77,objc,java --enable-threads=posix --enable-long-long --disable-checking --enable-cstdio=stdio --enable-clocale=generic --enable-__cxa_atexit --enable-version-specific-runtime-libs --with-gxx-include-dir=/usr/lib/gcc-lib/i686-pc-linux-gnu/3.2.3/include/g++-v3 --with-local-prefix=/usr/local --enable-shared --enable-nls --without-included-gettext
Thread model: posix
gcc version 3.2.3 20030422 (Gentoo Linux 1.4 3.2.3-r1, propolice)
configure:2855: $? = 0
configure:2857: gcc -V </dev/null >&5
gcc: argument to `-V' is missing
configure:2860: $? = 1
configure:2863: checking whether we are using the GNU C compiler
configure:2888: gcc -c -g -O2 -I/home/ronald/opt/include  conftest.c >&5
configure:2891: $? = 0
configure:2894: test -s conftest.o
configure:2897: $? = 0
configure:2910: result: yes
configure:2916: checking whether gcc accepts -g
configure:2938: gcc -c -g  conftest.c >&5
configure:2941: $? = 0
configure:2944: test -s conftest.o
configure:2947: $? = 0
configure:2958: result: yes
configure:2975: checking for gcc option to accept ANSI C
configure:3036: gcc  -c -g -O2 -I/home/ronald/opt/include  conftest.c >&5
configure:3039: $? = 0
configure:3042: test -s conftest.o
configure:3045: $? = 0
configure:3063: result: none needed
configure:3081: gcc -c -g -O2 -I/home/ronald/opt/include  conftest.c >&5
conftest.c:2: parse error before "me"
configure:3084: $? = 1
configure: failed program was:
| #ifndef __cplusplus
|   choke me
| #endif
configure:3195: checking dependency style of gcc
configure:3263: result: gcc3
configure:3352: checking build system type
configure:3370: result: i686-pc-linux-gnu
configure:3378: checking host system type
configure:3392: result: i686-pc-linux-gnu
configure:3422: checking for ld used by GCC
configure:3485: result: /usr/i686-pc-linux-gnu/bin/ld
configure:3494: checking if the linker (/usr/i686-pc-linux-gnu/bin/ld) is GNU ld
GNU ld version 2.14.90.0.2 20030515
configure:3506: result: yes
configure:3511: checking for /usr/i686-pc-linux-gnu/bin/ld option to reload object files
configure:3518: result: -r
configure:3523: checking for BSD-compatible nm
configure:3559: result: /usr/bin/nm -B
configure:3562: checking for a sed that does not truncate output
configure:3644: result: /bin/sed
configure:3647: checking whether ln -s works
configure:3651: result: yes
configure:3658: checking how to recognise dependent libraries
configure:3839: result: pass_all
configure:3852: checking command to parse /usr/bin/nm -B output
configure:3936: gcc -c -g -O2 -I/home/ronald/opt/include  conftest.c >&5
configure:3939: $? = 0
configure:3943: /usr/bin/nm -B conftest.o \| sed -n -e 's/^.*[ 	]\([ABCDGISTW][ABCDGISTW]*\)[ 	][ 	]*\(\)\([_A-Za-z][_A-Za-z0-9]*\)$/\1 \2\3 \3/p' \> conftest.nm
configure:3946: $? = 0
configure:3998: gcc -o conftest -g -O2 -I/home/ronald/opt/include   conftest.c conftstm.o >&5
configure:4001: $? = 0
configure:4045: result: ok
configure:4054: checking how to run the C preprocessor
configure:4090: gcc -E  conftest.c
configure:4096: $? = 0
configure:4128: gcc -E  conftest.c
configure:4132:28: ac_nonexistent.h: No such file or directory
configure:4134: $? = 1
configure: failed program was:
| #line 4119 "configure"
| /* confdefs.h.  */
| 
| #define PACKAGE_NAME ""
| #define PACKAGE_TARNAME ""
| #define PACKAGE_VERSION ""
| #define PACKAGE_STRING ""
| #define PACKAGE_BUGREPORT ""
| #define PACKAGE "libhash"
| #define VERSION "1.3"
| #ifdef __cplusplus
| #include <stdlib.h>
| #endif
| /* end confdefs.h.  */
| #include <ac_nonexistent.h>
configure:4172: result: gcc -E
configure:4197: gcc -E  conftest.c
configure:4203: $? = 0
configure:4235: gcc -E  conftest.c
configure:4239:28: ac_nonexistent.h: No such file or directory
configure:4241: $? = 1
configure: failed program was:
| #line 4226 "configure"
| /* confdefs.h.  */
| 
| #define PACKAGE_NAME ""
| #define PACKAGE_TARNAME ""
| #define PACKAGE_VERSION ""
| #define PACKAGE_STRING ""
| #define PACKAGE_BUGREPORT ""
| #define PACKAGE "libhash"
| #define VERSION "1.3"
| #ifdef __cplusplus
| #include <stdlib.h>
| #endif
| /* end confdefs.h.  */
| #include <ac_nonexistent.h>
configure:4284: checking for egrep
configure:4294: result: grep -E
configure:4299: checking for ANSI C header files
configure:4325: gcc -c -g -O2 -I/home/ronald/opt/include  conftest.c >&5
configure:4328: $? = 0
configure:4331: test -s conftest.o
configure:4334: $? = 0
configure:4423: gcc -o conftest -g -O2 -I/home/ronald/opt/include   conftest.c  >&5
configure:4426: $? = 0
configure:4428: ./conftest
configure:4431: $? = 0
configure:4446: result: yes
configure:4470: checking for sys/types.h
configure:4487: gcc -c -g -O2 -I/home/ronald/opt/include  conftest.c >&5
configure:4490: $? = 0
configure:4493: test -s conftest.o
configure:4496: $? = 0
configure:4507: result: yes
configure:4470: checking for sys/stat.h
configure:4487: gcc -c -g -O2 -I/home/ronald/opt/include  conftest.c >&5
configure:4490: $? = 0
configure:4493: test -s conftest.o
configure:4496: $? = 0
configure:4507: result: yes
configure:4470: checking for stdlib.h
configure:4487: gcc -c -g -O2 -I/home/ronald/opt/include  conftest.c >&5
configure:4490: $? = 0
configure:4493: test -s conftest.o
configure:4496: $? = 0
configure:4507: result: yes
configure:4470: checking for string.h
configure:4487: gcc -c -g -O2 -I/home/ronald/opt/include  conftest.c >&5
configure:4490: $? = 0
configure:4493: test -s conftest.o
configure:4496: $? = 0
configure:4507: result: yes
configure:4470: checking for memory.h
configure:4487: gcc -c -g -O2 -I/home/ronald/opt/include  conftest.c >&5
configure:4490: $? = 0
configure:4493: test -s conftest.o
configure:4496: $? = 0
configure:4507: result: yes
configure:4470: checking for strings.h
configure:4487: gcc -c -g -O2 -I/home/ronald/opt/include  conftest.c >&5
configure:4490: $? = 0
configure:4493: test -s conftest.o
configure:4496: $? = 0
configure:4507: result: yes
configure:4470: checking for inttypes.h
configure:4487: gcc -c -g -O2 -I/home/ronald/opt/include  conftest.c >&5
configure:4490: $? = 0
configure:4493: test -s conftest.o
configure:4496: $? = 0
configure:4507: result: yes
configure:4470: checking for stdint.h
configure:4487: gcc -c -g -O2 -I/home/ronald/opt/include  conftest.c >&5
configure:4490: $? = 0
configure:4493: test -s conftest.o
configure:4496: $? = 0
configure:4507: result: yes
configure:4470: checking for unistd.h
configure:4487: gcc -c -g -O2 -I/home/ronald/opt/include  conftest.c >&5
configure:4490: $? = 0
configure:4493: test -s conftest.o
configure:4496: $? = 0
configure:4507: result: yes
configure:4533: checking dlfcn.h usability
configure:4546: gcc -c -g -O2 -I/home/ronald/opt/include  conftest.c >&5
configure:4549: $? = 0
configure:4552: test -s conftest.o
configure:4555: $? = 0
configure:4565: result: yes
configure:4569: checking dlfcn.h presence
configure:4580: gcc -E  conftest.c
configure:4586: $? = 0
configure:4605: result: yes
configure:4641: checking for dlfcn.h
configure:4648: result: yes
configure:4846: checking for ranlib
configure:4862: found /usr/bin/ranlib
configure:4873: result: ranlib
configure:4926: checking for strip
configure:4942: found /usr/bin/strip
configure:4953: result: strip
configure:5006: gcc -c -g -O2 -I/home/ronald/opt/include  conftest.c >&5
configure:5009: $? = 0
configure:5181: checking for objdir
configure:5192: result: .libs
configure:5209: checking for gcc option to produce PIC
configure:5355: result: -fPIC
configure:5359: checking if gcc PIC flag -fPIC works
configure:5383: gcc -c -g -O2 -I/home/ronald/opt/include -fPIC -DPIC  conftest.c >&5
configure:5386: $? = 0
configure:5389: test -s conftest.o
configure:5392: $? = 0
configure:5430: result: yes
configure:5446: checking if gcc static flag -static works
configure:5471: gcc -o conftest -g -O2 -I/home/ronald/opt/include   -static conftest.c  >&5
configure:5474: $? = 0
configure:5477: test -s conftest
configure:5480: $? = 0
configure:5496: result: yes
configure:5508: checking if gcc supports -c -o file.o
configure:5531: gcc -c -g -O2 -I/home/ronald/opt/include -o out/conftest2.o  conftest.c >&5
configure:5552: result: yes
configure:5557: checking if gcc supports -c -o file.lo
configure:5585: gcc -c -g -O2 -I/home/ronald/opt/include -c -o conftest.lo  conftest.c >&5
configure:5588: $? = 0
configure:5591: test -s conftest.lo
configure:5594: $? = 0
configure:5616: result: yes
configure:5647: checking if gcc supports -fno-rtti -fno-exceptions
configure:5670: gcc -c -g -O2 -I/home/ronald/opt/include -fno-rtti -fno-exceptions -c conftest.c  conftest.c >&5
configure:5673: $? = 0
configure:5676: test -s conftest.o
configure:5679: $? = 0
configure:5696: result: yes
configure:5707: checking whether the linker (/usr/i686-pc-linux-gnu/bin/ld) supports shared libraries
configure:6402: result: yes
configure:6407: checking how to hardcode library paths into programs
configure:6431: result: immediate
configure:6436: checking whether stripping libraries is possible
configure:6441: result: yes
configure:6452: checking dynamic linker characteristics
configure:6890: result: GNU/Linux ld.so
configure:6895: checking if libtool supports shared libraries
configure:6897: result: yes
configure:6900: checking whether to build shared libraries
configure:6921: result: yes
configure:6924: checking whether to build static libraries
configure:6928: result: yes
configure:7602: checking whether -lc should be explicitly linked in
configure:7610: gcc -c -g -O2 -I/home/ronald/opt/include  conftest.c >&5
configure:7613: $? = 0
configure:7627: gcc -shared conftest.o  -v -Wl,-soname -Wl,conftest -o conftest 2\>\&1 \| grep  -lc  \>/dev/null 2\>\&1
configure:7630: $? = 0
configure:7643: result: no
configure:8220: checking for ANSI C header files
configure:8367: result: yes
configure:8384: checking for stdlib.h
configure:8389: result: yes
configure:8384: checking for string.h
configure:8389: result: yes
configure:8384: checking for strings.h
configure:8389: result: yes
configure:8523: checking for an ANSI C-conforming const
configure:8591: gcc -c -g -O2 -I/home/ronald/opt/include  conftest.c >&5
configure:8594: $? = 0
configure:8597: test -s conftest.o
configure:8600: $? = 0
configure:8611: result: yes
configure:8621: checking for size_t
configure:8646: gcc -c -g -O2 -I/home/ronald/opt/include  conftest.c >&5
configure:8649: $? = 0
configure:8652: test -s conftest.o
configure:8655: $? = 0
configure:8666: result: yes
configure:8680: checking for working memcmp
configure:8729: gcc -o conftest -g -O2 -I/home/ronald/opt/include   conftest.c  >&5
configure:8732: $? = 0
configure:8734: ./conftest
configure:8737: $? = 0
configure:8751: result: yes
configure:8759: checking for memset
configure:8809: gcc -o conftest -g -O2 -I/home/ronald/opt/include   conftest.c  >&5
configure:8808: warning: conflicting types for built-in function `memset'
configure:8812: $? = 0
configure:8815: test -s conftest
configure:8818: $? = 0
configure:8829: result: yes
configure:8843: checking for strlwr
configure:8893: gcc -o conftest -g -O2 -I/home/ronald/opt/include   conftest.c  >&5
/tmp/ccWuVcr8.o(.text+0x11): In function `main':
/mnt/redhat/home/ronald/libhash/configure:8909: undefined reference to `strlwr'
/tmp/ccWuVcr8.o(.data+0x0):/mnt/redhat/home/ronald/libhash/configure:8908: undefined reference to `strlwr'
collect2: ld returned 1 exit status
configure:8896: $? = 1
configure: failed program was:
| #line 8848 "configure"
| /* confdefs.h.  */
| 
| #define PACKAGE_NAME ""
| #define PACKAGE_TARNAME ""
| #define PACKAGE_VERSION ""
| #define PACKAGE_STRING ""
| #define PACKAGE_BUGREPORT ""
| #define PACKAGE "libhash"
| #define VERSION "1.3"
| #ifdef __cplusplus
| #include <stdlib.h>
| #endif
| #define STDC_HEADERS 1
| #define HAVE_SYS_TYPES_H 1
| #define HAVE_SYS_STAT_H 1
| #define HAVE_STDLIB_H 1
| #define HAVE_STRING_H 1
| #define HAVE_MEMORY_H 1
| #define HAVE_STRINGS_H 1
| #define HAVE_INTTYPES_H 1
| #define HAVE_STDINT_H 1
| #define HAVE_UNISTD_H 1
| #define HAVE_DLFCN_H 1
| #define STDC_HEADERS 1
| #define HAVE_STDLIB_H 1
| #define HAVE_STRING_H 1
| #define HAVE_STRINGS_H 1
| #define HAVE_MEMSET 1
| /* end confdefs.h.  */
| /* System header to define __stub macros and hopefully few prototypes,
|     which can conflict with char strlwr (); below.
|     Prefer <limits.h> to <assert.h> if __STDC__ is defined, since
|     <limits.h> exists even on freestanding compilers.  */
| #ifdef __STDC__
| # include <limits.h>
| #else
| # include <assert.h>
| #endif
| /* Override any gcc2 internal prototype to avoid an error.  */
| #ifdef __cplusplus
| extern "C"
| {
| #endif
| /* We use char because int might match the return type of a gcc2
|    builtin and then its argument prototype would still apply.  */
| char strlwr ();
| /* The GNU C library defines this for functions which it implements
|     to always fail with ENOSYS.  Some functions are actually named
|     something starting with __ and the normal name is an alias.  */
| #if defined (__stub_strlwr) || defined (__stub___strlwr)
| choke me
| #else
| char (*f) () = strlwr;
| #endif
| #ifdef __cplusplus
| }
| #endif
| 
| int
| main ()
| {
| return f != strlwr;
|   ;
|   return 0;
| }
configure:8913: result: no
configure:9053: creating ./config.status

## ---------------- ##
## Cache variables. ##
## ---------------- ##

ac_cv_build=i686-pc-linux-gnu
ac_cv_build_alias=i686-pc-linux-gnu
ac_cv_c_compiler_gnu=yes
ac_cv_c_const=yes
ac_cv_cxx_compiler_gnu=yes
ac_cv_env_CC_set=set
ac_cv_env_CC_value=gcc
ac_cv_env_CFLAGS_set=set
ac_cv_env_CFLAGS_value='-g -O2 -I/home/ronald/opt/include'
ac_cv_env_CPPFLAGS_set=
ac_cv_env_CPPFLAGS_value=
ac_cv_env_CPP_set=
ac_cv_env_CPP_value=
ac_cv_env_CXXFLAGS_set=
ac_cv_env_CXXFLAGS_value=
ac_cv_env_CXX_set=set
ac_cv_env_CXX_value=g++
ac_cv_env_LDFLAGS_set=
ac_cv_env_LDFLAGS_value=
ac_cv_env_build_alias_set=
ac_cv_env_build_alias_value=
ac_cv_env_host_alias_set=
ac_cv_env_host_alias_value=
ac_cv_env_target_alias_set=
ac_cv_env_target_alias_value=
ac_cv_exeext=
ac_cv_func_memcmp_working=yes
ac_cv_func_memset=yes
ac_cv_func_strlwr=no
ac_cv_header_dlfcn_h=yes
ac_cv_header_inttypes_h=yes
ac_cv_header_memory_h=yes
ac_cv_header_stdc=yes
ac_cv_header_stdint_h=yes
ac_cv_header_stdlib_h=yes
ac_cv_header_string_h=yes
ac_cv_header_strings_h=yes
ac_cv_header_sys_stat_h=yes
ac_cv_header_sys_types_h=yes
ac_cv_header_unistd_h=yes
ac_cv_host=i686-pc-linux-gnu
ac_cv_host_alias=i686-pc-linux-gnu
ac_cv_objext=o
ac_cv_path_install='/bin/install -c'
ac_cv_prog_AWK=gawk
ac_cv_prog_CPP='gcc -E'
ac_cv_prog_ac_ct_CC=gcc
ac_cv_prog_ac_ct_RANLIB=ranlib
ac_cv_prog_ac_ct_STRIP=strip
ac_cv_prog_cc_g=yes
ac_cv_prog_cc_stdc=
ac_cv_prog_cxx_g=yes
ac_cv_prog_egrep='grep -E'
ac_cv_prog_make_make_set=yes
ac_cv_type_size_t=yes
am_cv_CC_dependencies_compiler_type=gcc3
am_cv_CXX_dependencies_compiler_type=gcc3
lt_cv_archive_cmds_need_lc=no
lt_cv_cc_64bit_output=no
lt_cv_compiler_c_o=yes
lt_cv_compiler_o_lo=yes
lt_cv_deplibs_check_method=pass_all
lt_cv_file_magic_cmd='$MAGIC_CMD'
lt_cv_file_magic_test_file='/lib/libc.so.6 /lib/libc-2.3.2.so'
lt_cv_global_symbol_to_c_name_address='sed -n -e '\''s/^: \([^ ]*\) $/  {\"\1\", (lt_ptr) 0},/p'\'' -e '\''s/^[BCDEGRST] \([^ ]*\) \([^ ]*\)$/  {"\2", (lt_ptr) \&\2},/p'\'''
lt_cv_global_symbol_to_cdecl='sed -n -e '\''s/^. .* \(.*\)$/extern char \1;/p'\'''
lt_cv_ld_reload_flag=-r
lt_cv_path_LD=/usr/i686-pc-linux-gnu/bin/ld
lt_cv_path_NM='/usr/bin/nm -B'
lt_cv_path_SED=/bin/sed
lt_cv_prog_cc_can_build_shared=yes
lt_cv_prog_cc_no_builtin=
lt_cv_prog_cc_pic=' -fPIC'
lt_cv_prog_cc_pic_works=yes
lt_cv_prog_cc_shlib=
lt_cv_prog_cc_static=-static
lt_cv_prog_cc_static_works=yes
lt_cv_prog_cc_wl=-Wl,
lt_cv_prog_gnu_ld=yes
lt_cv_sys_global_symbol_pipe='sed -n -e '\''s/^.*[ 	]\([ABCDGISTW][ABCDGISTW]*\)[ 	][ 	]*\(\)\([_A-Za-z][_A-Za-z0-9]*\)$/\1 \2\3 \3/p'\'''

## ----------------- ##
## Output variables. ##
## ----------------- ##

ACLOCAL='${SHELL} /mnt/redhat/home/ronald/libhash/missing --run aclocal-1.7'
AMDEPBACKSLASH='\'
AMDEP_FALSE='#'
AMDEP_TRUE=''
AMTAR='${SHELL} /mnt/redhat/home/ronald/libhash/missing --run tar'
AUTOCONF='${SHELL} /mnt/redhat/home/ronald/libhash/missing --run autoconf'
AUTOHEADER='${SHELL} /mnt/redhat/home/ronald/libhash/missing --run autoheader'
AUTOMAKE='${SHELL} /mnt/redhat/home/ronald/libhash/missing --run automake-1.7'
AWK='gawk'
CC='gcc'
CCDEPMODE='depmode=gcc3'
CFLAGS='-g -O2 -I/home/ronald/opt/include'
CPP='gcc -E'
CPPFLAGS=''
CXX='g++'
CXXDEPMODE='depmode=gcc3'
CXXFLAGS='-g -O2'
CYGPATH_W='echo'
DEFS='-DHAVE_CONFIG_H'
DEPDIR='.deps'
ECHO='echo'
ECHO_C=''
ECHO_N='-n'
ECHO_T=''
EGREP='grep -E'
EXEEXT=''
INSTALL_DATA='${INSTALL} -m 644'
INSTALL_PROGRAM='${INSTALL}'
INSTALL_SCRIPT='${INSTALL}'
INSTALL_STRIP_PROGRAM='${SHELL} $(install_sh) -c -s'
LDFLAGS=''
LIBOBJS=''
LIBS=''
LIBTOOL='$(SHELL) $(top_builddir)/libtool'
LN_S='ln -s'
LTLIBOBJS=''
MAKEINFO='${SHELL} /mnt/redhat/home/ronald/libhash/missing --run makeinfo'
OBJEXT='o'
PACKAGE='libhash'
PACKAGE_BUGREPORT=''
PACKAGE_NAME=''
PACKAGE_STRING=''
PACKAGE_TARNAME=''
PACKAGE_VERSION=''
PATH_SEPARATOR=':'
RANLIB='ranlib'
SET_MAKE=''
SHELL='/bin/sh'
STRIP='strip'
VERSION='1.3'
ac_ct_CC='gcc'
ac_ct_CXX=''
ac_ct_RANLIB='ranlib'
ac_ct_STRIP='strip'
am__fastdepCC_FALSE='#'
am__fastdepCC_TRUE=''
am__fastdepCXX_FALSE='#'
am__fastdepCXX_TRUE=''
am__include='include'
am__leading_dot='.'
am__quote=''
bindir='${exec_prefix}/bin'
build='i686-pc-linux-gnu'
build_alias=''
build_cpu='i686'
build_os='linux-gnu'
build_vendor='pc'
datadir='${prefix}/share'
exec_prefix='${prefix}'
host='i686-pc-linux-gnu'
host_alias=''
host_cpu='i686'
host_os='linux-gnu'
host_vendor='pc'
includedir='${prefix}/include'
infodir='${prefix}/info'
install_sh='/mnt/redhat/home/ronald/libhash/install-sh'
libdir='${exec_prefix}/lib'
libexecdir='${exec_prefix}/libexec'
localstatedir='${prefix}/var'
mandir='${prefix}/man'
oldincludedir='/usr/include'
prefix='/home/ronald/opt'
program_transform_name='s,x,x,'
sbindir='${exec_prefix}/sbin'
sharedstatedir='${prefix}/com'
sysconfdir='${prefix}/etc'
target_alias=''

## ----------- ##
## confdefs.h. ##
## ----------- ##

#define HAVE_DLFCN_H 1
#define HAVE_INTTYPES_H 1
#define HAVE_MEMORY_H 1
#define HAVE_MEMSET 1
#define HAVE_STDINT_H 1
#define HAVE_STDLIB_H 1
#define HAVE_STDLIB_H 1
#define HAVE_STRINGS_H 1
#define HAVE_STRINGS_H 1
#define HAVE_STRING_H 1
#define HAVE_STRING_H 1
#define HAVE_SYS_STAT_H 1
#define HAVE_SYS_TYPES_H 1
#define HAVE_UNISTD_H 1
#define PACKAGE "libhash"
#define PACKAGE_BUGREPORT ""
#define PACKAGE_NAME ""
#define PACKAGE_STRING ""
#define PACKAGE_TARNAME ""
#define PACKAGE_VERSION ""
#define STDC_HEADERS 1
#define STDC_HEADERS 1
#define VERSION "1.3"
#endif
#ifdef __cplusplus
#include <stdlib.h>

configure: exit 0

## ---------------------- ##
## Running config.status. ##
## ---------------------- ##

This file was extended by config.status, which was
generated by GNU Autoconf 2.57.  Invocation command line was

  CONFIG_FILES    = 
  CONFIG_HEADERS  = 
  CONFIG_LINKS    = 
  CONFIG_COMMANDS = 
  $ ./config.status Makefile depfiles

on ally

config.status:672: creating Makefile
config.status:1015: executing depfiles commands

## ---------------------- ##
## Running config.status. ##
## ---------------------- ##

This file was extended by config.status, which was
generated by GNU Autoconf 2.57.  Invocation command line was

  CONFIG_FILES    = 
  CONFIG_HEADERS  = 
  CONFIG_LINKS    = 
  CONFIG_COMMANDS = 
  $ ./config.status config.h

on ally

config.status:776: creating config.h
